{"/Users/matthewdavis/workspace/nestjspro/modules/amqp/lib/src/AMQPModule.ts": {"path":"/Users/matthewdavis/workspace/nestjspro/modules/amqp/lib/src/AMQPModule.ts","statementMap":{"0":{"start":{"line":1,"column":0},"end":{"line":1,"column":55}},"1":{"start":{"line":3,"column":0},"end":{"line":3,"column":44}},"2":{"start":{"line":4,"column":0},"end":{"line":4,"column":50}},"3":{"start":{"line":7,"column":23},"end":{"line":38,"column":null}},"4":{"start":{"line":11,"column":8},"end":{"line":34,"column":10}},"5":{"start":{"line":7,"column":13},"end":{"line":38,"column":null}},"6":{"start":{"line":7,"column":13},"end":{"line":7,"column":23}}},"fnMap":{"0":{"name":"(anonymous_1)","decl":{"start":{"line":9,"column":11},"end":{"line":9,"column":17}},"loc":{"start":{"line":9,"column":44},"end":{"line":36,"column":5}}}},"branchMap":{},"s":{"0":0,"1":0,"2":0,"3":0,"4":0,"5":0,"6":0},"f":{"0":0},"b":{}}
,"/Users/matthewdavis/workspace/nestjspro/modules/amqp/lib/src/AMQPReference.ts": {"path":"/Users/matthewdavis/workspace/nestjspro/modules/amqp/lib/src/AMQPReference.ts","statementMap":{"0":{"start":{"line":3,"column":0},"end":{"line":3,"column":13}}},"fnMap":{},"branchMap":{},"s":{"0":0},"f":{},"b":{}}
,"/Users/matthewdavis/workspace/nestjspro/modules/amqp/lib/src/AMQPService.ts": {"path":"/Users/matthewdavis/workspace/nestjspro/modules/amqp/lib/src/AMQPService.ts","statementMap":{"0":{"start":{"line":1,"column":0},"end":{"line":1,"column":69}},"1":{"start":{"line":2,"column":0},"end":{"line":2,"column":62}},"2":{"start":{"line":4,"column":0},"end":{"line":4,"column":95}},"3":{"start":{"line":5,"column":0},"end":{"line":5,"column":59}},"4":{"start":{"line":6,"column":0},"end":{"line":6,"column":50}},"5":{"start":{"line":7,"column":0},"end":{"line":7,"column":31}},"6":{"start":{"line":9,"column":0},"end":{"line":9,"column":54}},"7":{"start":{"line":12,"column":0},"end":{"line":132,"column":null}},"8":{"start":{"line":17,"column":83},"end":{"line":17,"column":91}},"9":{"start":{"line":15,"column":11},"end":{"line":15,"column":51}},"10":{"start":{"line":19,"column":8},"end":{"line":19,"column":29}},"11":{"start":{"line":20,"column":8},"end":{"line":20,"column":36}},"12":{"start":{"line":22,"column":8},"end":{"line":22,"column":23}},"13":{"start":{"line":28,"column":8},"end":{"line":28,"column":89}},"14":{"start":{"line":30,"column":8},"end":{"line":46,"column":null}},"15":{"start":{"line":32,"column":12},"end":{"line":36,"column":null}},"16":{"start":{"line":32,"column":25},"end":{"line":32,"column":26}},"17":{"start":{"line":34,"column":16},"end":{"line":34,"column":65}},"18":{"start":{"line":40,"column":12},"end":{"line":44,"column":null}},"19":{"start":{"line":40,"column":25},"end":{"line":40,"column":26}},"20":{"start":{"line":42,"column":16},"end":{"line":42,"column":48}},"21":{"start":{"line":52,"column":8},"end":{"line":58,"column":null}},"22":{"start":{"line":52,"column":21},"end":{"line":52,"column":22}},"23":{"start":{"line":54,"column":12},"end":{"line":54,"column":212}},"24":{"start":{"line":56,"column":12},"end":{"line":56,"column":47}},"25":{"start":{"line":60,"column":8},"end":{"line":60,"column":113}},"26":{"start":{"line":66,"column":8},"end":{"line":66,"column":83}},"27":{"start":{"line":66,"column":59},"end":{"line":66,"column":80}},"28":{"start":{"line":72,"column":8},"end":{"line":72,"column":161}},"29":{"start":{"line":74,"column":27},"end":{"line":74,"column":66}},"30":{"start":{"line":76,"column":8},"end":{"line":76,"column":42}},"31":{"start":{"line":78,"column":8},"end":{"line":78,"column":26}},"32":{"start":{"line":84,"column":8},"end":{"line":84,"column":141}},"33":{"start":{"line":86,"column":56},"end":{"line":86,"column":75}},"34":{"start":{"line":88,"column":8},"end":{"line":118,"column":null}},"35":{"start":{"line":90,"column":31},"end":{"line":90,"column":99}},"36":{"start":{"line":90,"column":67},"end":{"line":90,"column":98}},"37":{"start":{"line":92,"column":12},"end":{"line":102,"column":null}},"38":{"start":{"line":94,"column":16},"end":{"line":94,"column":150}},"39":{"start":{"line":96,"column":16},"end":{"line":96,"column":42}},"40":{"start":{"line":100,"column":16},"end":{"line":100,"column":132}},"41":{"start":{"line":106,"column":12},"end":{"line":116,"column":null}},"42":{"start":{"line":108,"column":16},"end":{"line":108,"column":130}},"43":{"start":{"line":110,"column":16},"end":{"line":110,"column":53}},"44":{"start":{"line":114,"column":16},"end":{"line":114,"column":87}},"45":{"start":{"line":120,"column":8},"end":{"line":120,"column":24}},"46":{"start":{"line":126,"column":8},"end":{"line":126,"column":133}},"47":{"start":{"line":128,"column":8},"end":{"line":128,"column":26}},"48":{"start":{"line":12,"column":13},"end":{"line":132,"column":null}},"49":{"start":{"line":12,"column":13},"end":{"line":12,"column":24}}},"fnMap":{"0":{"name":"(anonymous_4)","decl":{"start":{"line":17,"column":4},"end":{"line":17,"column":24}},"loc":{"start":{"line":17,"column":101},"end":{"line":24,"column":5}}},"1":{"name":"(anonymous_5)","decl":{"start":{"line":26,"column":11},"end":{"line":26,"column":18}},"loc":{"start":{"line":26,"column":18},"end":{"line":48,"column":5}}},"2":{"name":"(anonymous_6)","decl":{"start":{"line":50,"column":11},"end":{"line":50,"column":21}},"loc":{"start":{"line":50,"column":21},"end":{"line":62,"column":5}}},"3":{"name":"(anonymous_7)","decl":{"start":{"line":64,"column":11},"end":{"line":64,"column":19}},"loc":{"start":{"line":64,"column":19},"end":{"line":68,"column":5}}},"4":{"name":"(anonymous_8)","decl":{"start":{"line":66,"column":45},"end":{"line":66,"column":55}},"loc":{"start":{"line":66,"column":59},"end":{"line":66,"column":80}}},"5":{"name":"(anonymous_9)","decl":{"start":{"line":70,"column":11},"end":{"line":70,"column":24}},"loc":{"start":{"line":70,"column":53},"end":{"line":80,"column":5}}},"6":{"name":"(anonymous_10)","decl":{"start":{"line":82,"column":11},"end":{"line":82,"column":24}},"loc":{"start":{"line":82,"column":38},"end":{"line":122,"column":5}}},"7":{"name":"(anonymous_11)","decl":{"start":{"line":90,"column":53},"end":{"line":90,"column":63}},"loc":{"start":{"line":90,"column":67},"end":{"line":90,"column":98}}},"8":{"name":"(anonymous_12)","decl":{"start":{"line":124,"column":11},"end":{"line":124,"column":26}},"loc":{"start":{"line":124,"column":26},"end":{"line":130,"column":5}}}},"branchMap":{"0":{"loc":{"start":{"line":30,"column":8},"end":{"line":46,"column":null}},"type":"if","locations":[{"start":{"line":30,"column":8},"end":{"line":46,"column":null}},{"start":{"line":38,"column":15},"end":{"line":46,"column":null}}]},"1":{"loc":{"start":{"line":54,"column":85},"end":{"line":54,"column":161}},"type":"cond-expr","locations":[{"start":{"line":54,"column":121},"end":{"line":54,"column":154}},{"start":{"line":54,"column":157},"end":{"line":54,"column":161}}]},"2":{"loc":{"start":{"line":72,"column":85},"end":{"line":72,"column":117}},"type":"cond-expr","locations":[{"start":{"line":72,"column":99},"end":{"line":72,"column":110}},{"start":{"line":72,"column":113},"end":{"line":72,"column":117}}]},"3":{"loc":{"start":{"line":84,"column":79},"end":{"line":84,"column":97}},"type":"cond-expr","locations":[{"start":{"line":84,"column":86},"end":{"line":84,"column":90}},{"start":{"line":84,"column":93},"end":{"line":84,"column":97}}]},"4":{"loc":{"start":{"line":88,"column":8},"end":{"line":118,"column":null}},"type":"if","locations":[{"start":{"line":88,"column":8},"end":{"line":118,"column":null}},{"start":{"line":104,"column":15},"end":{"line":118,"column":null}}]},"5":{"loc":{"start":{"line":92,"column":12},"end":{"line":102,"column":null}},"type":"if","locations":[{"start":{"line":92,"column":12},"end":{"line":102,"column":null}},{"start":{"line":98,"column":19},"end":{"line":102,"column":null}}]},"6":{"loc":{"start":{"line":106,"column":12},"end":{"line":116,"column":null}},"type":"if","locations":[{"start":{"line":106,"column":12},"end":{"line":116,"column":null}},{"start":{"line":112,"column":19},"end":{"line":116,"column":null}}]},"7":{"loc":{"start":{"line":106,"column":16},"end":{"line":106,"column":63}},"type":"binary-expr","locations":[{"start":{"line":106,"column":16},"end":{"line":106,"column":32}},{"start":{"line":106,"column":36},"end":{"line":106,"column":63}}]}},"s":{"0":0,"1":0,"2":0,"3":0,"4":0,"5":0,"6":0,"7":0,"8":0,"9":0,"10":0,"11":0,"12":0,"13":0,"14":0,"15":0,"16":0,"17":0,"18":0,"19":0,"20":0,"21":0,"22":0,"23":0,"24":0,"25":0,"26":0,"27":0,"28":0,"29":0,"30":0,"31":0,"32":0,"33":0,"34":0,"35":0,"36":0,"37":0,"38":0,"39":0,"40":0,"41":0,"42":0,"43":0,"44":0,"45":0,"46":0,"47":0,"48":0,"49":0},"f":{"0":0,"1":0,"2":0,"3":0,"4":0,"5":0,"6":0,"7":0,"8":0},"b":{"0":[0,0],"1":[0,0],"2":[0,0],"3":[0,0],"4":[0,0],"5":[0,0],"6":[0,0],"7":[0,0]}}
,"/Users/matthewdavis/workspace/nestjspro/modules/amqp/lib/src/index.ts": {"path":"/Users/matthewdavis/workspace/nestjspro/modules/amqp/lib/src/index.ts","statementMap":{"0":{"start":{"line":1,"column":0},"end":{"line":1,"column":45}},"1":{"start":{"line":2,"column":0},"end":{"line":2,"column":51}},"2":{"start":{"line":3,"column":0},"end":{"line":3,"column":29}},"3":{"start":{"line":4,"column":0},"end":{"line":4,"column":35}},"4":{"start":{"line":5,"column":0},"end":{"line":5,"column":32}},"5":{"start":{"line":6,"column":0},"end":{"line":6,"column":30}},"6":{"start":{"line":7,"column":0},"end":{"line":7,"column":43}},"7":{"start":{"line":8,"column":0},"end":{"line":8,"column":53}},"8":{"start":{"line":9,"column":0},"end":{"line":9,"column":51}},"9":{"start":{"line":10,"column":0},"end":{"line":10,"column":48}},"10":{"start":{"line":11,"column":0},"end":{"line":11,"column":61}},"11":{"start":{"line":12,"column":0},"end":{"line":12,"column":50}},"12":{"start":{"line":13,"column":0},"end":{"line":13,"column":39}},"13":{"start":{"line":14,"column":0},"end":{"line":14,"column":37}},"14":{"start":{"line":15,"column":0},"end":{"line":15,"column":39}},"15":{"start":{"line":16,"column":0},"end":{"line":16,"column":39}},"16":{"start":{"line":17,"column":0},"end":{"line":17,"column":37}},"17":{"start":{"line":18,"column":0},"end":{"line":18,"column":44}},"18":{"start":{"line":19,"column":0},"end":{"line":19,"column":39}},"19":{"start":{"line":20,"column":0},"end":{"line":20,"column":42}}},"fnMap":{},"branchMap":{},"s":{"0":0,"1":0,"2":0,"3":0,"4":0,"5":0,"6":0,"7":0,"8":0,"9":0,"10":0,"11":0,"12":0,"13":0,"14":0,"15":0,"16":0,"17":0,"18":0,"19":0},"f":{},"b":{}}
,"/Users/matthewdavis/workspace/nestjspro/modules/amqp/lib/src/connections/AMQPConnection.ts": {"path":"/Users/matthewdavis/workspace/nestjspro/modules/amqp/lib/src/connections/AMQPConnection.ts","statementMap":{"0":{"start":{"line":1,"column":0},"end":{"line":1,"column":32}},"1":{"start":{"line":4,"column":0},"end":{"line":4,"column":84}},"2":{"start":{"line":6,"column":0},"end":{"line":6,"column":62}},"3":{"start":{"line":8,"column":0},"end":{"line":8,"column":31}},"4":{"start":{"line":9,"column":0},"end":{"line":9,"column":50}},"5":{"start":{"line":10,"column":0},"end":{"line":10,"column":55}},"6":{"start":{"line":11,"column":0},"end":{"line":11,"column":54}},"7":{"start":{"line":14,"column":0},"end":{"line":14,"column":36}},"8":{"start":{"line":73,"column":69},"end":{"line":73,"column":87}},"9":{"start":{"line":34,"column":11},"end":{"line":34,"column":78}},"10":{"start":{"line":48,"column":11},"end":{"line":48,"column":74}},"11":{"start":{"line":65,"column":12},"end":{"line":65,"column":52}},"12":{"start":{"line":75,"column":8},"end":{"line":75,"column":140}},"13":{"start":{"line":77,"column":8},"end":{"line":77,"column":56}},"14":{"start":{"line":78,"column":8},"end":{"line":78,"column":41}},"15":{"start":{"line":79,"column":8},"end":{"line":79,"column":29}},"16":{"start":{"line":81,"column":8},"end":{"line":81,"column":23}},"17":{"start":{"line":92,"column":8},"end":{"line":92,"column":59}},"18":{"start":{"line":97,"column":8},"end":{"line":107,"column":12}},"19":{"start":{"line":99,"column":12},"end":{"line":99,"column":186}},"20":{"start":{"line":101,"column":12},"end":{"line":105,"column":null}},"21":{"start":{"line":103,"column":16},"end":{"line":103,"column":49}},"22":{"start":{"line":109,"column":8},"end":{"line":175,"column":null}},"23":{"start":{"line":111,"column":12},"end":{"line":165,"column":15}},"24":{"start":{"line":113,"column":16},"end":{"line":117,"column":19}},"25":{"start":{"line":115,"column":20},"end":{"line":115,"column":182}},"26":{"start":{"line":119,"column":16},"end":{"line":125,"column":19}},"27":{"start":{"line":121,"column":20},"end":{"line":121,"column":181}},"28":{"start":{"line":123,"column":20},"end":{"line":123,"column":43}},"29":{"start":{"line":127,"column":16},"end":{"line":131,"column":19}},"30":{"start":{"line":129,"column":20},"end":{"line":129,"column":183}},"31":{"start":{"line":133,"column":16},"end":{"line":137,"column":19}},"32":{"start":{"line":135,"column":20},"end":{"line":135,"column":185}},"33":{"start":{"line":139,"column":16},"end":{"line":143,"column":19}},"34":{"start":{"line":141,"column":20},"end":{"line":141,"column":181}},"35":{"start":{"line":145,"column":16},"end":{"line":149,"column":19}},"36":{"start":{"line":147,"column":20},"end":{"line":147,"column":183}},"37":{"start":{"line":151,"column":32},"end":{"line":151,"column":64}},"38":{"start":{"line":152,"column":16},"end":{"line":152,"column":90}},"39":{"start":{"line":154,"column":16},"end":{"line":154,"column":57}},"40":{"start":{"line":155,"column":16},"end":{"line":155,"column":62}},"41":{"start":{"line":157,"column":16},"end":{"line":157,"column":63}},"42":{"start":{"line":159,"column":16},"end":{"line":163,"column":20}},"43":{"start":{"line":161,"column":20},"end":{"line":161,"column":154}},"44":{"start":{"line":167,"column":12},"end":{"line":167,"column":35}},"45":{"start":{"line":171,"column":12},"end":{"line":171,"column":62}},"46":{"start":{"line":173,"column":12},"end":{"line":173,"column":27}},"47":{"start":{"line":187,"column":8},"end":{"line":187,"column":41}},"48":{"start":{"line":189,"column":8},"end":{"line":189,"column":58}},"49":{"start":{"line":191,"column":8},"end":{"line":207,"column":null}},"50":{"start":{"line":193,"column":12},"end":{"line":197,"column":null}},"51":{"start":{"line":195,"column":16},"end":{"line":195,"column":53}},"52":{"start":{"line":199,"column":12},"end":{"line":203,"column":null}},"53":{"start":{"line":201,"column":16},"end":{"line":201,"column":56}},"54":{"start":{"line":205,"column":12},"end":{"line":205,"column":34}},"55":{"start":{"line":213,"column":8},"end":{"line":213,"column":32}},"56":{"start":{"line":214,"column":8},"end":{"line":214,"column":29}},"57":{"start":{"line":220,"column":8},"end":{"line":220,"column":118}},"58":{"start":{"line":222,"column":40},"end":{"line":222,"column":53}},"59":{"start":{"line":224,"column":8},"end":{"line":240,"column":11}},"60":{"start":{"line":226,"column":12},"end":{"line":232,"column":null}},"61":{"start":{"line":226,"column":25},"end":{"line":226,"column":26}},"62":{"start":{"line":228,"column":16},"end":{"line":228,"column":180}},"63":{"start":{"line":230,"column":16},"end":{"line":230,"column":82}},"64":{"start":{"line":234,"column":12},"end":{"line":234,"column":173}},"65":{"start":{"line":236,"column":12},"end":{"line":236,"column":78}},"66":{"start":{"line":238,"column":12},"end":{"line":238,"column":28}},"67":{"start":{"line":242,"column":8},"end":{"line":242,"column":24}},"68":{"start":{"line":255,"column":8},"end":{"line":255,"column":155}},"69":{"start":{"line":257,"column":40},"end":{"line":257,"column":53}},"70":{"start":{"line":259,"column":8},"end":{"line":290,"column":12}},"71":{"start":{"line":261,"column":12},"end":{"line":288,"column":null}},"72":{"start":{"line":263,"column":16},"end":{"line":287,"column":null}},"73":{"start":{"line":265,"column":20},"end":{"line":265,"column":143}},"74":{"start":{"line":268,"column":20},"end":{"line":280,"column":null}},"75":{"start":{"line":268,"column":33},"end":{"line":268,"column":34}},"76":{"start":{"line":270,"column":24},"end":{"line":278,"column":null}},"77":{"start":{"line":272,"column":28},"end":{"line":272,"column":94}},"78":{"start":{"line":273,"column":28},"end":{"line":273,"column":229}},"79":{"start":{"line":275,"column":28},"end":{"line":275,"column":155}},"80":{"start":{"line":276,"column":28},"end":{"line":276,"column":227}},"81":{"start":{"line":282,"column":20},"end":{"line":282,"column":36}},"82":{"start":{"line":292,"column":8},"end":{"line":292,"column":24}},"83":{"start":{"line":303,"column":8},"end":{"line":303,"column":29}},"84":{"start":{"line":305,"column":8},"end":{"line":305,"column":34}},"85":{"start":{"line":320,"column":52},"end":{"line":320,"column":65}},"86":{"start":{"line":325,"column":8},"end":{"line":355,"column":11}},"87":{"start":{"line":330,"column":12},"end":{"line":353,"column":15}},"88":{"start":{"line":332,"column":16},"end":{"line":332,"column":225}},"89":{"start":{"line":337,"column":16},"end":{"line":342,"column":20}},"90":{"start":{"line":340,"column":20},"end":{"line":340,"column":51}},"91":{"start":{"line":347,"column":16},"end":{"line":351,"column":null}},"92":{"start":{"line":349,"column":20},"end":{"line":349,"column":51}},"93":{"start":{"line":357,"column":8},"end":{"line":357,"column":24}},"94":{"start":{"line":374,"column":50},"end":{"line":374,"column":63}},"95":{"start":{"line":380,"column":8},"end":{"line":388,"column":null}},"96":{"start":{"line":382,"column":12},"end":{"line":382,"column":59}},"97":{"start":{"line":384,"column":15},"end":{"line":388,"column":null}},"98":{"start":{"line":386,"column":12},"end":{"line":386,"column":54}},"99":{"start":{"line":393,"column":8},"end":{"line":419,"column":11}},"100":{"start":{"line":395,"column":12},"end":{"line":395,"column":225}},"101":{"start":{"line":400,"column":12},"end":{"line":406,"column":29}},"102":{"start":{"line":402,"column":16},"end":{"line":402,"column":66}},"103":{"start":{"line":404,"column":16},"end":{"line":404,"column":59}},"104":{"start":{"line":411,"column":12},"end":{"line":411,"column":82}},"105":{"start":{"line":413,"column":28},"end":{"line":417,"column":28}},"106":{"start":{"line":415,"column":16},"end":{"line":415,"column":41}},"107":{"start":{"line":421,"column":8},"end":{"line":421,"column":24}},"108":{"start":{"line":427,"column":37},"end":{"line":427,"column":50}},"109":{"start":{"line":429,"column":8},"end":{"line":452,"column":11}},"110":{"start":{"line":431,"column":12},"end":{"line":431,"column":191}},"111":{"start":{"line":433,"column":12},"end":{"line":433,"column":77}},"112":{"start":{"line":435,"column":12},"end":{"line":450,"column":24}},"113":{"start":{"line":437,"column":16},"end":{"line":437,"column":37}},"114":{"start":{"line":439,"column":30},"end":{"line":439,"column":47}},"115":{"start":{"line":442,"column":16},"end":{"line":442,"column":35}},"116":{"start":{"line":443,"column":16},"end":{"line":448,"column":19}},"117":{"start":{"line":454,"column":8},"end":{"line":454,"column":24}},"118":{"start":{"line":460,"column":8},"end":{"line":460,"column":46}},"119":{"start":{"line":467,"column":8},"end":{"line":467,"column":79}},"120":{"start":{"line":467,"column":51},"end":{"line":467,"column":77}},"121":{"start":{"line":20,"column":0},"end":{"line":20,"column":13}}},"fnMap":{"0":{"name":"(anonymous_0)","decl":{"start":{"line":73,"column":4},"end":{"line":73,"column":23}},"loc":{"start":{"line":73,"column":87},"end":{"line":83,"column":5}}},"1":{"name":"(anonymous_1)","decl":{"start":{"line":90,"column":11},"end":{"line":90,"column":18}},"loc":{"start":{"line":90,"column":18},"end":{"line":177,"column":5}}},"2":{"name":"(anonymous_2)","decl":{"start":{"line":97,"column":52},"end":{"line":97,"column":58}},"loc":{"start":{"line":97,"column":61},"end":{"line":107,"column":9}}},"3":{"name":"(anonymous_3)","decl":{"start":{"line":111,"column":89},"end":{"line":111,"column":94}},"loc":{"start":{"line":111,"column":108},"end":{"line":165,"column":13}}},"4":{"name":"(anonymous_4)","decl":{"start":{"line":113,"column":39},"end":{"line":113,"column":42}},"loc":{"start":{"line":113,"column":44},"end":{"line":117,"column":17}}},"5":{"name":"(anonymous_5)","decl":{"start":{"line":119,"column":39},"end":{"line":119,"column":44}},"loc":{"start":{"line":119,"column":53},"end":{"line":125,"column":17}}},"6":{"name":"(anonymous_6)","decl":{"start":{"line":127,"column":41},"end":{"line":127,"column":47}},"loc":{"start":{"line":127,"column":50},"end":{"line":131,"column":17}}},"7":{"name":"(anonymous_7)","decl":{"start":{"line":133,"column":43},"end":{"line":133,"column":46}},"loc":{"start":{"line":133,"column":48},"end":{"line":137,"column":17}}},"8":{"name":"(anonymous_8)","decl":{"start":{"line":139,"column":39},"end":{"line":139,"column":42}},"loc":{"start":{"line":139,"column":44},"end":{"line":143,"column":17}}},"9":{"name":"(anonymous_9)","decl":{"start":{"line":145,"column":40},"end":{"line":145,"column":47}},"loc":{"start":{"line":145,"column":50},"end":{"line":149,"column":17}}},"10":{"name":"(anonymous_10)","decl":{"start":{"line":159,"column":71},"end":{"line":159,"column":74}},"loc":{"start":{"line":159,"column":76},"end":{"line":163,"column":17}}},"11":{"name":"(anonymous_11)","decl":{"start":{"line":185,"column":11},"end":{"line":185,"column":16}},"loc":{"start":{"line":185,"column":27},"end":{"line":209,"column":5}}},"12":{"name":"(anonymous_12)","decl":{"start":{"line":211,"column":11},"end":{"line":211,"column":16}},"loc":{"start":{"line":211,"column":26},"end":{"line":216,"column":5}}},"13":{"name":"(anonymous_13)","decl":{"start":{"line":218,"column":11},"end":{"line":218,"column":19}},"loc":{"start":{"line":218,"column":19},"end":{"line":244,"column":5}}},"14":{"name":"(anonymous_14)","decl":{"start":{"line":224,"column":34},"end":{"line":224,"column":39}},"loc":{"start":{"line":224,"column":52},"end":{"line":240,"column":9}}},"15":{"name":"(anonymous_15)","decl":{"start":{"line":253,"column":11},"end":{"line":253,"column":27}},"loc":{"start":{"line":253,"column":27},"end":{"line":294,"column":5}}},"16":{"name":"(anonymous_16)","decl":{"start":{"line":259,"column":69},"end":{"line":259,"column":74}},"loc":{"start":{"line":259,"column":87},"end":{"line":290,"column":9}}},"17":{"name":"(anonymous_17)","decl":{"start":{"line":301,"column":11},"end":{"line":301,"column":20}},"loc":{"start":{"line":301,"column":49},"end":{"line":307,"column":5}}},"18":{"name":"(anonymous_18)","decl":{"start":{"line":318,"column":11},"end":{"line":318,"column":20}},"loc":{"start":{"line":318,"column":47},"end":{"line":359,"column":5}}},"19":{"name":"(anonymous_19)","decl":{"start":{"line":325,"column":34},"end":{"line":325,"column":43}},"loc":{"start":{"line":325,"column":46},"end":{"line":355,"column":9}}},"20":{"name":"(anonymous_20)","decl":{"start":{"line":330,"column":56},"end":{"line":330,"column":63}},"loc":{"start":{"line":330,"column":66},"end":{"line":353,"column":13}}},"21":{"name":"(anonymous_21)","decl":{"start":{"line":337,"column":60},"end":{"line":337,"column":63}},"loc":{"start":{"line":337,"column":65},"end":{"line":342,"column":17}}},"22":{"name":"(anonymous_22)","decl":{"start":{"line":372,"column":11},"end":{"line":372,"column":18}},"loc":{"start":{"line":372,"column":39},"end":{"line":423,"column":5}}},"23":{"name":"(anonymous_23)","decl":{"start":{"line":393,"column":34},"end":{"line":393,"column":43}},"loc":{"start":{"line":393,"column":46},"end":{"line":419,"column":9}}},"24":{"name":"(anonymous_24)","decl":{"start":{"line":400,"column":50},"end":{"line":400,"column":57}},"loc":{"start":{"line":400,"column":60},"end":{"line":406,"column":13}}},"25":{"name":"(anonymous_25)","decl":{"start":{"line":413,"column":39},"end":{"line":413,"column":42}},"loc":{"start":{"line":413,"column":44},"end":{"line":417,"column":13}}},"26":{"name":"(anonymous_26)","decl":{"start":{"line":425,"column":11},"end":{"line":425,"column":21}},"loc":{"start":{"line":425,"column":77},"end":{"line":456,"column":5}}},"27":{"name":"(anonymous_27)","decl":{"start":{"line":429,"column":34},"end":{"line":429,"column":39}},"loc":{"start":{"line":429,"column":52},"end":{"line":452,"column":9}}},"28":{"name":"(anonymous_28)","decl":{"start":{"line":435,"column":45},"end":{"line":435,"column":52}},"loc":{"start":{"line":435,"column":55},"end":{"line":450,"column":13}}},"29":{"name":"(anonymous_29)","decl":{"start":{"line":458,"column":11},"end":{"line":458,"column":26}},"loc":{"start":{"line":458,"column":53},"end":{"line":463,"column":5}}},"30":{"name":"(anonymous_30)","decl":{"start":{"line":465,"column":11},"end":{"line":465,"column":36}},"loc":{"start":{"line":465,"column":36},"end":{"line":469,"column":5}}},"31":{"name":"(anonymous_31)","decl":{"start":{"line":467,"column":35},"end":{"line":467,"column":47}},"loc":{"start":{"line":467,"column":51},"end":{"line":467,"column":77}}}},"branchMap":{"0":{"loc":{"start":{"line":101,"column":12},"end":{"line":105,"column":null}},"type":"if","locations":[{"start":{"line":101,"column":12},"end":{"line":105,"column":null}}]},"1":{"loc":{"start":{"line":111,"column":53},"end":{"line":111,"column":80}},"type":"binary-expr","locations":[{"start":{"line":111,"column":53},"end":{"line":111,"column":72}},{"start":{"line":111,"column":76},"end":{"line":111,"column":80}}]},"2":{"loc":{"start":{"line":152,"column":39},"end":{"line":152,"column":88}},"type":"cond-expr","locations":[{"start":{"line":152,"column":64},"end":{"line":152,"column":84}},{"start":{"line":152,"column":87},"end":{"line":152,"column":88}}]},"3":{"loc":{"start":{"line":191,"column":8},"end":{"line":207,"column":null}},"type":"if","locations":[{"start":{"line":191,"column":8},"end":{"line":207,"column":null}}]},"4":{"loc":{"start":{"line":193,"column":12},"end":{"line":197,"column":null}},"type":"if","locations":[{"start":{"line":193,"column":12},"end":{"line":197,"column":null}}]},"5":{"loc":{"start":{"line":199,"column":12},"end":{"line":203,"column":null}},"type":"if","locations":[{"start":{"line":199,"column":12},"end":{"line":203,"column":null}}]},"6":{"loc":{"start":{"line":261,"column":12},"end":{"line":288,"column":null}},"type":"if","locations":[{"start":{"line":261,"column":12},"end":{"line":288,"column":null}}]},"7":{"loc":{"start":{"line":270,"column":24},"end":{"line":278,"column":null}},"type":"if","locations":[{"start":{"line":270,"column":24},"end":{"line":278,"column":null}}]},"8":{"loc":{"start":{"line":347,"column":16},"end":{"line":351,"column":null}},"type":"if","locations":[{"start":{"line":347,"column":16},"end":{"line":351,"column":null}}]},"9":{"loc":{"start":{"line":380,"column":8},"end":{"line":388,"column":null}},"type":"if","locations":[{"start":{"line":380,"column":8},"end":{"line":388,"column":null}},{"start":{"line":384,"column":15},"end":{"line":388,"column":null}}]},"10":{"loc":{"start":{"line":384,"column":15},"end":{"line":388,"column":null}},"type":"if","locations":[{"start":{"line":384,"column":15},"end":{"line":388,"column":null}}]},"11":{"loc":{"start":{"line":384,"column":19},"end":{"line":384,"column":62}},"type":"binary-expr","locations":[{"start":{"line":384,"column":19},"end":{"line":384,"column":31}},{"start":{"line":384,"column":35},"end":{"line":384,"column":62}}]}},"s":{"0":0,"1":0,"2":0,"3":0,"4":0,"5":0,"6":0,"7":0,"8":0,"9":0,"10":0,"11":0,"12":0,"13":0,"14":0,"15":0,"16":0,"17":0,"18":0,"19":0,"20":0,"21":0,"22":0,"23":0,"24":0,"25":0,"26":0,"27":0,"28":0,"29":0,"30":0,"31":0,"32":0,"33":0,"34":0,"35":0,"36":0,"37":0,"38":0,"39":0,"40":0,"41":0,"42":0,"43":0,"44":0,"45":0,"46":0,"47":0,"48":0,"49":0,"50":0,"51":0,"52":0,"53":0,"54":0,"55":0,"56":0,"57":0,"58":0,"59":0,"60":0,"61":0,"62":0,"63":0,"64":0,"65":0,"66":0,"67":0,"68":0,"69":0,"70":0,"71":0,"72":0,"73":0,"74":0,"75":0,"76":0,"77":0,"78":0,"79":0,"80":0,"81":0,"82":0,"83":0,"84":0,"85":0,"86":0,"87":0,"88":0,"89":0,"90":0,"91":0,"92":0,"93":0,"94":0,"95":0,"96":0,"97":0,"98":0,"99":0,"100":0,"101":0,"102":0,"103":0,"104":0,"105":0,"106":0,"107":0,"108":0,"109":0,"110":0,"111":0,"112":0,"113":0,"114":0,"115":0,"116":0,"117":0,"118":0,"119":0,"120":0,"121":0},"f":{"0":0,"1":0,"2":0,"3":0,"4":0,"5":0,"6":0,"7":0,"8":0,"9":0,"10":0,"11":0,"12":0,"13":0,"14":0,"15":0,"16":0,"17":0,"18":0,"19":0,"20":0,"21":0,"22":0,"23":0,"24":0,"25":0,"26":0,"27":0,"28":0,"29":0,"30":0,"31":0},"b":{"0":[0],"1":[0,0],"2":[0,0],"3":[0],"4":[0],"5":[0],"6":[0],"7":[0],"8":[0],"9":[0,0],"10":[0],"11":[0,0]}}
,"/Users/matthewdavis/workspace/nestjspro/modules/amqp/lib/src/connections/AMQPConnectionStatus.ts": {"path":"/Users/matthewdavis/workspace/nestjspro/modules/amqp/lib/src/connections/AMQPConnectionStatus.ts","statementMap":{"0":{"start":{"line":1,"column":0},"end":{"line":1,"column":null}},"1":{"start":{"line":3,"column":4},"end":{"line":3,"column":null}},"2":{"start":{"line":4,"column":4},"end":{"line":4,"column":null}},"3":{"start":{"line":5,"column":4},"end":{"line":5,"column":null}},"4":{"start":{"line":6,"column":4},"end":{"line":6,"column":null}}},"fnMap":{"0":{"name":"(anonymous_0)","decl":{"start":{"line":1,"column":0},"end":{"line":1,"column":12}},"loc":{"start":{"line":1,"column":32},"end":{"line":8,"column":1}}}},"branchMap":{"0":{"loc":{"start":{"line":1,"column":12},"end":{"line":1,"column":null}},"type":"binary-expr","locations":[{"start":{"line":1,"column":12},"end":{"line":1,"column":32}},{"start":{"line":1,"column":12},"end":{"line":1,"column":null}}]}},"s":{"0":0,"1":0,"2":0,"3":0,"4":0},"f":{"0":0},"b":{"0":[0,0]}}
,"/Users/matthewdavis/workspace/nestjspro/modules/amqp/lib/src/exceptions/AMQPConnectionNotFoundException.ts": {"path":"/Users/matthewdavis/workspace/nestjspro/modules/amqp/lib/src/exceptions/AMQPConnectionNotFoundException.ts","statementMap":{"0":{"start":{"line":5,"column":8},"end":{"line":5,"column":23}},"1":{"start":{"line":7,"column":8},"end":{"line":7,"column":54}},"2":{"start":{"line":1,"column":0},"end":{"line":1,"column":13}}},"fnMap":{"0":{"name":"(anonymous_0)","decl":{"start":{"line":3,"column":4},"end":{"line":3,"column":23}},"loc":{"start":{"line":3,"column":39},"end":{"line":9,"column":5}}}},"branchMap":{},"s":{"0":0,"1":0,"2":0},"f":{"0":0},"b":{}}
,"/Users/matthewdavis/workspace/nestjspro/modules/amqp/lib/src/exceptions/AMQPPublishException.ts": {"path":"/Users/matthewdavis/workspace/nestjspro/modules/amqp/lib/src/exceptions/AMQPPublishException.ts","statementMap":{"0":{"start":{"line":5,"column":8},"end":{"line":5,"column":23}},"1":{"start":{"line":7,"column":8},"end":{"line":7,"column":43}},"2":{"start":{"line":1,"column":0},"end":{"line":1,"column":13}}},"fnMap":{"0":{"name":"(anonymous_0)","decl":{"start":{"line":3,"column":4},"end":{"line":3,"column":23}},"loc":{"start":{"line":3,"column":39},"end":{"line":9,"column":5}}}},"branchMap":{},"s":{"0":0,"1":0,"2":0},"f":{"0":0},"b":{}}
,"/Users/matthewdavis/workspace/nestjspro/modules/amqp/lib/src/logging/AMQPLogEmoji.ts": {"path":"/Users/matthewdavis/workspace/nestjspro/modules/amqp/lib/src/logging/AMQPLogEmoji.ts","statementMap":{"0":{"start":{"line":1,"column":0},"end":{"line":1,"column":null}},"1":{"start":{"line":3,"column":4},"end":{"line":3,"column":null}},"2":{"start":{"line":4,"column":4},"end":{"line":4,"column":null}},"3":{"start":{"line":5,"column":4},"end":{"line":5,"column":null}},"4":{"start":{"line":6,"column":4},"end":{"line":6,"column":null}},"5":{"start":{"line":7,"column":4},"end":{"line":7,"column":null}},"6":{"start":{"line":8,"column":4},"end":{"line":8,"column":null}},"7":{"start":{"line":9,"column":4},"end":{"line":9,"column":null}}},"fnMap":{"0":{"name":"(anonymous_0)","decl":{"start":{"line":1,"column":0},"end":{"line":1,"column":12}},"loc":{"start":{"line":1,"column":24},"end":{"line":11,"column":1}}}},"branchMap":{"0":{"loc":{"start":{"line":1,"column":12},"end":{"line":1,"column":null}},"type":"binary-expr","locations":[{"start":{"line":1,"column":12},"end":{"line":1,"column":24}},{"start":{"line":1,"column":12},"end":{"line":1,"column":null}}]}},"s":{"0":0,"1":0,"2":0,"3":0,"4":0,"5":0,"6":0,"7":0},"f":{"0":0},"b":{"0":[0,0]}}
,"/Users/matthewdavis/workspace/nestjspro/modules/amqp/lib/src/logging/AMQPLogLevel.ts": {"path":"/Users/matthewdavis/workspace/nestjspro/modules/amqp/lib/src/logging/AMQPLogLevel.ts","statementMap":{"0":{"start":{"line":1,"column":0},"end":{"line":1,"column":null}},"1":{"start":{"line":3,"column":4},"end":{"line":3,"column":null}},"2":{"start":{"line":4,"column":4},"end":{"line":4,"column":null}},"3":{"start":{"line":5,"column":4},"end":{"line":5,"column":null}},"4":{"start":{"line":6,"column":4},"end":{"line":6,"column":null}}},"fnMap":{"0":{"name":"(anonymous_0)","decl":{"start":{"line":1,"column":0},"end":{"line":1,"column":12}},"loc":{"start":{"line":1,"column":24},"end":{"line":8,"column":1}}}},"branchMap":{"0":{"loc":{"start":{"line":1,"column":12},"end":{"line":1,"column":null}},"type":"binary-expr","locations":[{"start":{"line":1,"column":12},"end":{"line":1,"column":24}},{"start":{"line":1,"column":12},"end":{"line":1,"column":null}}]}},"s":{"0":0,"1":0,"2":0,"3":0,"4":0},"f":{"0":0},"b":{"0":[0,0]}}
,"/Users/matthewdavis/workspace/nestjspro/modules/amqp/lib/src/logging/AMQPLogger.ts": {"path":"/Users/matthewdavis/workspace/nestjspro/modules/amqp/lib/src/logging/AMQPLogger.ts","statementMap":{"0":{"start":{"line":1,"column":0},"end":{"line":1,"column":46}},"1":{"start":{"line":2,"column":0},"end":{"line":2,"column":31}},"2":{"start":{"line":3,"column":0},"end":{"line":3,"column":29}},"3":{"start":{"line":4,"column":0},"end":{"line":4,"column":44}},"4":{"start":{"line":11,"column":23},"end":{"line":134,"column":null}},"5":{"start":{"line":22,"column":20},"end":{"line":22,"column":41}},"6":{"start":{"line":24,"column":8},"end":{"line":28,"column":null}},"7":{"start":{"line":26,"column":12},"end":{"line":26,"column":23}},"8":{"start":{"line":30,"column":8},"end":{"line":38,"column":null}},"9":{"start":{"line":32,"column":12},"end":{"line":32,"column":56}},"10":{"start":{"line":36,"column":12},"end":{"line":36,"column":62}},"11":{"start":{"line":59,"column":8},"end":{"line":78,"column":null}},"12":{"start":{"line":61,"column":22},"end":{"line":61,"column":107}},"13":{"start":{"line":63,"column":12},"end":{"line":67,"column":null}},"14":{"start":{"line":65,"column":16},"end":{"line":65,"column":69}},"15":{"start":{"line":69,"column":12},"end":{"line":69,"column":94}},"16":{"start":{"line":71,"column":12},"end":{"line":74,"column":null}},"17":{"start":{"line":73,"column":16},"end":{"line":73,"column":36}},"18":{"start":{"line":76,"column":12},"end":{"line":76,"column":49}},"19":{"start":{"line":91,"column":8},"end":{"line":91,"column":62}},"20":{"start":{"line":104,"column":8},"end":{"line":104,"column":61}},"21":{"start":{"line":117,"column":8},"end":{"line":117,"column":62}},"22":{"start":{"line":130,"column":8},"end":{"line":130,"column":62}},"23":{"start":{"line":18,"column":18},"end":{"line":18,"column":null}},"24":{"start":{"line":11,"column":13},"end":{"line":134,"column":null}},"25":{"start":{"line":11,"column":13},"end":{"line":11,"column":23}}},"fnMap":{"0":{"name":"(anonymous_1)","decl":{"start":{"line":20,"column":11},"end":{"line":20,"column":17}},"loc":{"start":{"line":20,"column":48},"end":{"line":40,"column":5}}},"1":{"name":"(anonymous_2)","decl":{"start":{"line":57,"column":11},"end":{"line":57,"column":14}},"loc":{"start":{"line":57,"column":88},"end":{"line":80,"column":5}}},"2":{"name":"(anonymous_3)","decl":{"start":{"line":89,"column":11},"end":{"line":89,"column":16}},"loc":{"start":{"line":89,"column":66},"end":{"line":93,"column":5}}},"3":{"name":"(anonymous_4)","decl":{"start":{"line":102,"column":11},"end":{"line":102,"column":15}},"loc":{"start":{"line":102,"column":65},"end":{"line":106,"column":5}}},"4":{"name":"(anonymous_5)","decl":{"start":{"line":115,"column":11},"end":{"line":115,"column":16}},"loc":{"start":{"line":115,"column":66},"end":{"line":119,"column":5}}},"5":{"name":"(anonymous_6)","decl":{"start":{"line":128,"column":11},"end":{"line":128,"column":16}},"loc":{"start":{"line":128,"column":66},"end":{"line":132,"column":5}}}},"branchMap":{"0":{"loc":{"start":{"line":20,"column":35},"end":{"line":20,"column":48}},"type":"default-arg","locations":[{"start":{"line":20,"column":45},"end":{"line":20,"column":48}}]},"1":{"loc":{"start":{"line":24,"column":8},"end":{"line":28,"column":null}},"type":"if","locations":[{"start":{"line":24,"column":8},"end":{"line":28,"column":null}}]},"2":{"loc":{"start":{"line":30,"column":8},"end":{"line":38,"column":null}},"type":"if","locations":[{"start":{"line":30,"column":8},"end":{"line":38,"column":null}},{"start":{"line":34,"column":15},"end":{"line":38,"column":null}}]},"3":{"loc":{"start":{"line":59,"column":8},"end":{"line":78,"column":null}},"type":"if","locations":[{"start":{"line":59,"column":8},"end":{"line":78,"column":null}}]},"4":{"loc":{"start":{"line":63,"column":12},"end":{"line":67,"column":null}},"type":"if","locations":[{"start":{"line":63,"column":12},"end":{"line":67,"column":null}}]},"5":{"loc":{"start":{"line":71,"column":12},"end":{"line":74,"column":null}},"type":"if","locations":[{"start":{"line":71,"column":12},"end":{"line":74,"column":null}}]}},"s":{"0":0,"1":0,"2":0,"3":0,"4":0,"5":0,"6":0,"7":0,"8":0,"9":0,"10":0,"11":0,"12":0,"13":0,"14":0,"15":0,"16":0,"17":0,"18":0,"19":0,"20":0,"21":0,"22":0,"23":0,"24":0,"25":0},"f":{"0":0,"1":0,"2":0,"3":0,"4":0,"5":0},"b":{"0":[0],"1":[0],"2":[0,0],"3":[0],"4":[0],"5":[0]}}
,"/Users/matthewdavis/workspace/nestjspro/modules/amqp/lib/src/queueing/AMQPMessage.ts": {"path":"/Users/matthewdavis/workspace/nestjspro/modules/amqp/lib/src/queueing/AMQPMessage.ts","statementMap":{"0":{"start":{"line":31,"column":8},"end":{"line":31,"column":31}},"1":{"start":{"line":32,"column":8},"end":{"line":32,"column":23}},"2":{"start":{"line":44,"column":8},"end":{"line":44,"column":59}},"3":{"start":{"line":6,"column":0},"end":{"line":6,"column":13}}},"fnMap":{"0":{"name":"(anonymous_0)","decl":{"start":{"line":29,"column":4},"end":{"line":29,"column":23}},"loc":{"start":{"line":29,"column":62},"end":{"line":34,"column":5}}},"1":{"name":"(anonymous_1)","decl":{"start":{"line":42,"column":11},"end":{"line":42,"column":19}},"loc":{"start":{"line":42,"column":19},"end":{"line":46,"column":5}}}},"branchMap":{},"s":{"0":0,"1":0,"2":0,"3":0},"f":{"0":0,"1":0},"b":{}}
,"/Users/matthewdavis/workspace/nestjspro/modules/amqp/lib/src/queueing/AMQPQueue.ts": {"path":"/Users/matthewdavis/workspace/nestjspro/modules/amqp/lib/src/queueing/AMQPQueue.ts","statementMap":{"0":{"start":{"line":2,"column":0},"end":{"line":2,"column":72}},"1":{"start":{"line":3,"column":0},"end":{"line":3,"column":75}},"2":{"start":{"line":6,"column":0},"end":{"line":6,"column":31}},"3":{"start":{"line":7,"column":0},"end":{"line":7,"column":55}},"4":{"start":{"line":11,"column":12},"end":{"line":11,"column":74}},"5":{"start":{"line":21,"column":11},"end":{"line":21,"column":30}},"6":{"start":{"line":30,"column":11},"end":{"line":30,"column":60}},"7":{"start":{"line":40,"column":8},"end":{"line":40,"column":40}},"8":{"start":{"line":41,"column":8},"end":{"line":41,"column":37}},"9":{"start":{"line":42,"column":8},"end":{"line":42,"column":23}},"10":{"start":{"line":47,"column":8},"end":{"line":70,"column":11}},"11":{"start":{"line":52,"column":12},"end":{"line":68,"column":null}},"12":{"start":{"line":54,"column":16},"end":{"line":54,"column":235}},"13":{"start":{"line":60,"column":16},"end":{"line":60,"column":96}},"14":{"start":{"line":60,"column":73},"end":{"line":60,"column":93}},"15":{"start":{"line":64,"column":16},"end":{"line":64,"column":49}},"16":{"start":{"line":66,"column":16},"end":{"line":66,"column":240}},"17":{"start":{"line":81,"column":8},"end":{"line":106,"column":12}},"18":{"start":{"line":83,"column":12},"end":{"line":83,"column":273}},"19":{"start":{"line":85,"column":12},"end":{"line":104,"column":null}},"20":{"start":{"line":89,"column":16},"end":{"line":89,"column":30}},"21":{"start":{"line":98,"column":16},"end":{"line":102,"column":null}},"22":{"start":{"line":117,"column":8},"end":{"line":117,"column":413}},"23":{"start":{"line":119,"column":8},"end":{"line":119,"column":34}},"24":{"start":{"line":121,"column":8},"end":{"line":121,"column":22}},"25":{"start":{"line":137,"column":8},"end":{"line":144,"column":11}},"26":{"start":{"line":146,"column":8},"end":{"line":146,"column":26}},"27":{"start":{"line":9,"column":0},"end":{"line":9,"column":13}}},"fnMap":{"0":{"name":"(anonymous_0)","decl":{"start":{"line":38,"column":4},"end":{"line":38,"column":23}},"loc":{"start":{"line":38,"column":63},"end":{"line":72,"column":5}}},"1":{"name":"(anonymous_1)","decl":{"start":{"line":47,"column":42},"end":{"line":47,"column":48}},"loc":{"start":{"line":47,"column":51},"end":{"line":70,"column":9}}},"2":{"name":"(anonymous_2)","decl":{"start":{"line":60,"column":61},"end":{"line":60,"column":69}},"loc":{"start":{"line":60,"column":73},"end":{"line":60,"column":93}}},"3":{"name":"(anonymous_3)","decl":{"start":{"line":79,"column":11},"end":{"line":79,"column":16}},"loc":{"start":{"line":79,"column":42},"end":{"line":108,"column":5}}},"4":{"name":"(anonymous_4)","decl":{"start":{"line":81,"column":68},"end":{"line":81,"column":77}},"loc":{"start":{"line":81,"column":80},"end":{"line":106,"column":9}}},"5":{"name":"(anonymous_5)","decl":{"start":{"line":115,"column":11},"end":{"line":115,"column":18}},"loc":{"start":{"line":115,"column":44},"end":{"line":123,"column":5}}},"6":{"name":"(anonymous_6)","decl":{"start":{"line":135,"column":11},"end":{"line":135,"column":22}},"loc":{"start":{"line":135,"column":140},"end":{"line":148,"column":5}}}},"branchMap":{"0":{"loc":{"start":{"line":52,"column":12},"end":{"line":68,"column":null}},"type":"if","locations":[{"start":{"line":52,"column":12},"end":{"line":68,"column":null}},{"start":{"line":62,"column":19},"end":{"line":68,"column":null}}]},"1":{"loc":{"start":{"line":85,"column":12},"end":{"line":104,"column":null}},"type":"if","locations":[{"start":{"line":85,"column":12},"end":{"line":104,"column":null}}]},"2":{"loc":{"start":{"line":98,"column":16},"end":{"line":102,"column":null}},"type":"if","locations":[{"start":{"line":98,"column":16},"end":{"line":102,"column":null}}]},"3":{"loc":{"start":{"line":117,"column":239},"end":{"line":117,"column":371}},"type":"cond-expr","locations":[{"start":{"line":117,"column":299},"end":{"line":117,"column":334}},{"start":{"line":117,"column":337},"end":{"line":117,"column":371}}]},"4":{"loc":{"start":{"line":135,"column":96},"end":{"line":135,"column":140}},"type":"default-arg","locations":[{"start":{"line":135,"column":127},"end":{"line":135,"column":140}}]}},"s":{"0":0,"1":0,"2":0,"3":0,"4":0,"5":0,"6":0,"7":0,"8":0,"9":0,"10":0,"11":0,"12":0,"13":0,"14":0,"15":0,"16":0,"17":0,"18":0,"19":0,"20":0,"21":0,"22":0,"23":0,"24":0,"25":0,"26":0,"27":0},"f":{"0":0,"1":0,"2":0,"3":0,"4":0,"5":0,"6":0},"b":{"0":[0,0],"1":[0],"2":[0],"3":[0,0],"4":[0]}}
}
