TN:
SF:src/AMQPModule.ts
FN:9,(anonymous_1)
FNF:1
FNH:0
FNDA:0,(anonymous_1)
DA:1,0
DA:3,0
DA:4,0
DA:7,0
DA:11,0
LF:5
LH:0
BRF:0
BRH:0
end_of_record
TN:
SF:src/AMQPReference.ts
FNF:0
FNH:0
DA:3,0
LF:1
LH:0
BRF:0
BRH:0
end_of_record
TN:
SF:src/AMQPService.ts
FN:17,(anonymous_4)
FN:26,(anonymous_5)
FN:50,(anonymous_6)
FN:64,(anonymous_7)
FN:66,(anonymous_8)
FN:70,(anonymous_9)
FN:82,(anonymous_10)
FN:90,(anonymous_11)
FN:124,(anonymous_12)
FNF:9
FNH:0
FNDA:0,(anonymous_4)
FNDA:0,(anonymous_5)
FNDA:0,(anonymous_6)
FNDA:0,(anonymous_7)
FNDA:0,(anonymous_8)
FNDA:0,(anonymous_9)
FNDA:0,(anonymous_10)
FNDA:0,(anonymous_11)
FNDA:0,(anonymous_12)
DA:1,0
DA:2,0
DA:4,0
DA:5,0
DA:6,0
DA:7,0
DA:9,0
DA:12,0
DA:15,0
DA:17,0
DA:19,0
DA:20,0
DA:22,0
DA:28,0
DA:30,0
DA:32,0
DA:34,0
DA:40,0
DA:42,0
DA:52,0
DA:54,0
DA:56,0
DA:60,0
DA:66,0
DA:72,0
DA:74,0
DA:76,0
DA:78,0
DA:84,0
DA:86,0
DA:88,0
DA:90,0
DA:92,0
DA:94,0
DA:96,0
DA:100,0
DA:106,0
DA:108,0
DA:110,0
DA:114,0
DA:120,0
DA:126,0
DA:128,0
LF:43
LH:0
BRDA:30,0,0,0
BRDA:30,0,1,0
BRDA:54,1,0,0
BRDA:54,1,1,0
BRDA:72,2,0,0
BRDA:72,2,1,0
BRDA:84,3,0,0
BRDA:84,3,1,0
BRDA:88,4,0,0
BRDA:88,4,1,0
BRDA:92,5,0,0
BRDA:92,5,1,0
BRDA:106,6,0,0
BRDA:106,6,1,0
BRDA:106,7,0,0
BRDA:106,7,1,0
BRF:16
BRH:0
end_of_record
TN:
SF:src/index.ts
FNF:0
FNH:0
DA:1,0
DA:2,0
DA:3,0
DA:4,0
DA:5,0
DA:6,0
DA:7,0
DA:8,0
DA:9,0
DA:10,0
DA:11,0
DA:12,0
DA:13,0
DA:14,0
DA:15,0
DA:16,0
DA:17,0
DA:18,0
DA:19,0
DA:20,0
LF:20
LH:0
BRF:0
BRH:0
end_of_record
TN:
SF:src/connections/AMQPConnection.ts
FN:73,(anonymous_0)
FN:90,(anonymous_1)
FN:97,(anonymous_2)
FN:111,(anonymous_3)
FN:113,(anonymous_4)
FN:119,(anonymous_5)
FN:127,(anonymous_6)
FN:133,(anonymous_7)
FN:139,(anonymous_8)
FN:145,(anonymous_9)
FN:159,(anonymous_10)
FN:185,(anonymous_11)
FN:211,(anonymous_12)
FN:218,(anonymous_13)
FN:224,(anonymous_14)
FN:253,(anonymous_15)
FN:259,(anonymous_16)
FN:301,(anonymous_17)
FN:318,(anonymous_18)
FN:325,(anonymous_19)
FN:330,(anonymous_20)
FN:337,(anonymous_21)
FN:372,(anonymous_22)
FN:393,(anonymous_23)
FN:400,(anonymous_24)
FN:413,(anonymous_25)
FN:425,(anonymous_26)
FN:429,(anonymous_27)
FN:435,(anonymous_28)
FN:458,(anonymous_29)
FN:465,(anonymous_30)
FN:467,(anonymous_31)
FNF:32
FNH:0
FNDA:0,(anonymous_0)
FNDA:0,(anonymous_1)
FNDA:0,(anonymous_2)
FNDA:0,(anonymous_3)
FNDA:0,(anonymous_4)
FNDA:0,(anonymous_5)
FNDA:0,(anonymous_6)
FNDA:0,(anonymous_7)
FNDA:0,(anonymous_8)
FNDA:0,(anonymous_9)
FNDA:0,(anonymous_10)
FNDA:0,(anonymous_11)
FNDA:0,(anonymous_12)
FNDA:0,(anonymous_13)
FNDA:0,(anonymous_14)
FNDA:0,(anonymous_15)
FNDA:0,(anonymous_16)
FNDA:0,(anonymous_17)
FNDA:0,(anonymous_18)
FNDA:0,(anonymous_19)
FNDA:0,(anonymous_20)
FNDA:0,(anonymous_21)
FNDA:0,(anonymous_22)
FNDA:0,(anonymous_23)
FNDA:0,(anonymous_24)
FNDA:0,(anonymous_25)
FNDA:0,(anonymous_26)
FNDA:0,(anonymous_27)
FNDA:0,(anonymous_28)
FNDA:0,(anonymous_29)
FNDA:0,(anonymous_30)
FNDA:0,(anonymous_31)
DA:1,0
DA:4,0
DA:6,0
DA:8,0
DA:9,0
DA:10,0
DA:11,0
DA:14,0
DA:20,0
DA:34,0
DA:48,0
DA:65,0
DA:73,0
DA:75,0
DA:77,0
DA:78,0
DA:79,0
DA:81,0
DA:92,0
DA:97,0
DA:99,0
DA:101,0
DA:103,0
DA:109,0
DA:111,0
DA:113,0
DA:115,0
DA:119,0
DA:121,0
DA:123,0
DA:127,0
DA:129,0
DA:133,0
DA:135,0
DA:139,0
DA:141,0
DA:145,0
DA:147,0
DA:151,0
DA:152,0
DA:154,0
DA:155,0
DA:157,0
DA:159,0
DA:161,0
DA:167,0
DA:171,0
DA:173,0
DA:187,0
DA:189,0
DA:191,0
DA:193,0
DA:195,0
DA:199,0
DA:201,0
DA:205,0
DA:213,0
DA:214,0
DA:220,0
DA:222,0
DA:224,0
DA:226,0
DA:228,0
DA:230,0
DA:234,0
DA:236,0
DA:238,0
DA:242,0
DA:255,0
DA:257,0
DA:259,0
DA:261,0
DA:263,0
DA:265,0
DA:268,0
DA:270,0
DA:272,0
DA:273,0
DA:275,0
DA:276,0
DA:282,0
DA:292,0
DA:303,0
DA:305,0
DA:320,0
DA:325,0
DA:330,0
DA:332,0
DA:337,0
DA:340,0
DA:347,0
DA:349,0
DA:357,0
DA:374,0
DA:380,0
DA:382,0
DA:384,0
DA:386,0
DA:393,0
DA:395,0
DA:400,0
DA:402,0
DA:404,0
DA:411,0
DA:413,0
DA:415,0
DA:421,0
DA:427,0
DA:429,0
DA:431,0
DA:433,0
DA:435,0
DA:437,0
DA:439,0
DA:442,0
DA:443,0
DA:454,0
DA:460,0
DA:467,0
LF:119
LH:0
BRDA:101,0,0,0
BRDA:111,1,0,0
BRDA:111,1,1,0
BRDA:152,2,0,0
BRDA:152,2,1,0
BRDA:191,3,0,0
BRDA:193,4,0,0
BRDA:199,5,0,0
BRDA:261,6,0,0
BRDA:270,7,0,0
BRDA:347,8,0,0
BRDA:380,9,0,0
BRDA:380,9,1,0
BRDA:384,10,0,0
BRDA:384,11,0,0
BRDA:384,11,1,0
BRF:16
BRH:0
end_of_record
TN:
SF:src/connections/AMQPConnectionStatus.ts
FN:1,(anonymous_0)
FNF:1
FNH:0
FNDA:0,(anonymous_0)
DA:1,0
DA:3,0
DA:4,0
DA:5,0
DA:6,0
LF:5
LH:0
BRDA:1,0,0,0
BRDA:1,0,1,0
BRF:2
BRH:0
end_of_record
TN:
SF:src/exceptions/AMQPConnectionNotFoundException.ts
FN:3,(anonymous_0)
FNF:1
FNH:0
FNDA:0,(anonymous_0)
DA:1,0
DA:5,0
DA:7,0
LF:3
LH:0
BRF:0
BRH:0
end_of_record
TN:
SF:src/exceptions/AMQPPublishException.ts
FN:3,(anonymous_0)
FNF:1
FNH:0
FNDA:0,(anonymous_0)
DA:1,0
DA:5,0
DA:7,0
LF:3
LH:0
BRF:0
BRH:0
end_of_record
TN:
SF:src/logging/AMQPLogEmoji.ts
FN:1,(anonymous_0)
FNF:1
FNH:0
FNDA:0,(anonymous_0)
DA:1,0
DA:3,0
DA:4,0
DA:5,0
DA:6,0
DA:7,0
DA:8,0
DA:9,0
LF:8
LH:0
BRDA:1,0,0,0
BRDA:1,0,1,0
BRF:2
BRH:0
end_of_record
TN:
SF:src/logging/AMQPLogLevel.ts
FN:1,(anonymous_0)
FNF:1
FNH:0
FNDA:0,(anonymous_0)
DA:1,0
DA:3,0
DA:4,0
DA:5,0
DA:6,0
LF:5
LH:0
BRDA:1,0,0,0
BRDA:1,0,1,0
BRF:2
BRH:0
end_of_record
TN:
SF:src/logging/AMQPLogger.ts
FN:20,(anonymous_1)
FN:57,(anonymous_2)
FN:89,(anonymous_3)
FN:102,(anonymous_4)
FN:115,(anonymous_5)
FN:128,(anonymous_6)
FNF:6
FNH:0
FNDA:0,(anonymous_1)
FNDA:0,(anonymous_2)
FNDA:0,(anonymous_3)
FNDA:0,(anonymous_4)
FNDA:0,(anonymous_5)
FNDA:0,(anonymous_6)
DA:1,0
DA:2,0
DA:3,0
DA:4,0
DA:11,0
DA:18,0
DA:22,0
DA:24,0
DA:26,0
DA:30,0
DA:32,0
DA:36,0
DA:59,0
DA:61,0
DA:63,0
DA:65,0
DA:69,0
DA:71,0
DA:73,0
DA:76,0
DA:91,0
DA:104,0
DA:117,0
DA:130,0
LF:24
LH:0
BRDA:20,0,0,0
BRDA:24,1,0,0
BRDA:30,2,0,0
BRDA:30,2,1,0
BRDA:59,3,0,0
BRDA:63,4,0,0
BRDA:71,5,0,0
BRF:7
BRH:0
end_of_record
TN:
SF:src/queueing/AMQPMessage.ts
FN:29,(anonymous_0)
FN:42,(anonymous_1)
FNF:2
FNH:0
FNDA:0,(anonymous_0)
FNDA:0,(anonymous_1)
DA:6,0
DA:31,0
DA:32,0
DA:44,0
LF:4
LH:0
BRF:0
BRH:0
end_of_record
TN:
SF:src/queueing/AMQPQueue.ts
FN:38,(anonymous_0)
FN:47,(anonymous_1)
FN:60,(anonymous_2)
FN:79,(anonymous_3)
FN:81,(anonymous_4)
FN:115,(anonymous_5)
FN:135,(anonymous_6)
FNF:7
FNH:0
FNDA:0,(anonymous_0)
FNDA:0,(anonymous_1)
FNDA:0,(anonymous_2)
FNDA:0,(anonymous_3)
FNDA:0,(anonymous_4)
FNDA:0,(anonymous_5)
FNDA:0,(anonymous_6)
DA:2,0
DA:3,0
DA:6,0
DA:7,0
DA:9,0
DA:11,0
DA:21,0
DA:30,0
DA:40,0
DA:41,0
DA:42,0
DA:47,0
DA:52,0
DA:54,0
DA:60,0
DA:64,0
DA:66,0
DA:81,0
DA:83,0
DA:85,0
DA:89,0
DA:98,0
DA:117,0
DA:119,0
DA:121,0
DA:137,0
DA:146,0
LF:27
LH:0
BRDA:52,0,0,0
BRDA:52,0,1,0
BRDA:85,1,0,0
BRDA:98,2,0,0
BRDA:117,3,0,0
BRDA:117,3,1,0
BRDA:135,4,0,0
BRF:7
BRH:0
end_of_record
